2025-04-23 14:34:22,602 - root - INFO - Logging đã được thiết lập.
2025-04-23 14:34:22,602 - __main__ - INFO - === Bắt đầu kiểm tra API OpenWeatherMap ===
2025-04-23 14:34:22,602 - __main__ - CRITICAL - Lỗi: Không tìm thấy biến môi trường OPENWEATHERMAP_API_KEY.
2025-04-23 14:34:22,602 - __main__ - CRITICAL - Lỗi cấu hình: 'OPENWEATHERMAP_API_KEY không được thiết lập.'
2025-04-23 14:34:22,602 - __main__ - INFO - === Kết thúc kiểm tra API OpenWeatherMap ===
2025-04-23 14:34:33,874 - root - INFO - Logging đã được thiết lập.
2025-04-23 14:34:33,874 - __main__ - INFO - === Bắt đầu kiểm tra API OpenWeatherMap ===
2025-04-23 14:34:33,875 - __main__ - INFO - Đã tải cấu hình thành công.
2025-04-23 14:34:33,875 - __main__ - INFO - Kiểm tra kết nối API OpenWeatherMap...
2025-04-23 14:34:34,072 - __main__ - INFO - Kết nối API thành công! Mã trạng thái: 200
2025-04-23 14:34:34,088 - __main__ - INFO - API đã sẵn sàng để sử dụng!
2025-04-23 14:34:34,088 - __main__ - INFO - === Kết thúc kiểm tra API OpenWeatherMap ===
2025-04-23 14:36:53,232 - root - INFO - Logging đã được thiết lập.
2025-04-23 14:36:53,239 - __main__ - INFO - === Bắt đầu chương trình thời tiết Hà Nội ===
2025-04-23 14:36:53,239 - __main__ - INFO - Đã tải cấu hình thành công.
2025-04-23 14:36:53,239 - __main__ - INFO - Kiểm tra kết nối API OpenWeatherMap...
2025-04-23 14:36:53,432 - __main__ - INFO - Kết nối API thành công! Mã trạng thái: 200
2025-04-23 14:36:53,432 - __main__ - INFO - API đã sẵn sàng để sử dụng!
2025-04-23 14:36:53,432 - __main__ - INFO - Đang lấy dữ liệu thời tiết cho Hanoi...
2025-04-23 14:36:53,665 - __main__ - INFO - Đã lấy dữ liệu thời tiết thành công cho Hanoi.
2025-04-23 14:36:53,665 - __main__ - INFO - Thời tiết hiện tại ở Hanoi: 33°C, độ ẩm 55%, clear sky
2025-04-23 14:36:53,665 - __main__ - INFO - === Kết thúc chương trình thời tiết Hà Nội ===
2025-04-23 14:38:45,223 - root - INFO - Logging đã được thiết lập.
2025-04-23 14:38:45,223 - __main__ - INFO - === Bắt đầu chương trình thời tiết Hà Nội ===
2025-04-23 14:38:45,223 - __main__ - INFO - Đã tải cấu hình thành công.
2025-04-23 14:38:45,223 - __main__ - INFO - Kiểm tra kết nối API OpenWeatherMap...
2025-04-23 14:38:45,401 - __main__ - INFO - Kết nối API thành công! Mã trạng thái: 200
2025-04-23 14:38:45,401 - __main__ - INFO - API đã sẵn sàng để sử dụng!
2025-04-23 14:38:45,401 - __main__ - INFO - Đang lấy dữ liệu thời tiết cho Hanoi...
2025-04-23 14:38:45,547 - __main__ - INFO - Đã lấy dữ liệu thời tiết thành công cho Hanoi.
2025-04-23 14:38:45,547 - __main__ - INFO - Đã trích xuất dữ liệu thời tiết: 33°C, 55%, 1004hPa, 2.49m/s, 'clear sky'
2025-04-23 14:38:45,547 - __main__ - INFO - Thời tiết hiện tại ở Hanoi: 33°C, độ ẩm 55%, clear sky
2025-04-23 14:38:45,547 - __main__ - INFO - === Kết thúc chương trình thời tiết Hà Nội ===
2025-04-23 14:41:47,597 - root - INFO - Logging đã được thiết lập.
2025-04-23 14:41:47,597 - __main__ - INFO - === Bắt đầu chương trình thời tiết Hà Nội ===
2025-04-23 14:41:47,597 - __main__ - INFO - Đã tải cấu hình thành công.
2025-04-23 14:41:47,597 - __main__ - INFO - Kiểm tra kết nối API OpenWeatherMap...
2025-04-23 14:41:47,817 - __main__ - INFO - Kết nối API thành công! Mã trạng thái: 200
2025-04-23 14:41:47,817 - __main__ - INFO - API đã sẵn sàng để sử dụng!
2025-04-23 14:41:47,817 - __main__ - INFO - Đang lấy dữ liệu thời tiết cho Hanoi...
2025-04-23 14:41:48,025 - __main__ - INFO - Đã lấy dữ liệu thời tiết thành công cho Hanoi.
2025-04-23 14:41:48,025 - __main__ - INFO - Đã trích xuất dữ liệu thời tiết: 34°C, 50%, 1002hPa, 4.41m/s, 'clear sky'
2025-04-23 14:41:48,025 - __main__ - INFO - Đã xử lý dữ liệu thời tiết: 34°C, 50%, clear sky
2025-04-23 14:41:48,025 - __main__ - INFO - Thời tiết hiện tại ở Hanoi: 34°C, độ ẩm 50%, clear sky
2025-04-23 14:41:48,025 - __main__ - INFO - === Kết thúc chương trình thời tiết Hà Nội ===
2025-04-23 14:45:27,462 - root - INFO - Logging đã được thiết lập.
2025-04-23 14:45:27,462 - __main__ - INFO - === Bắt đầu chương trình thời tiết Hà Nội ===
2025-04-23 14:45:27,462 - __main__ - INFO - Đã tải cấu hình thành công.
2025-04-23 14:45:27,462 - __main__ - INFO - Kiểm tra kết nối API OpenWeatherMap...
2025-04-23 14:45:27,656 - __main__ - INFO - Kết nối API thành công! Mã trạng thái: 200
2025-04-23 14:45:27,656 - __main__ - INFO - API đã sẵn sàng để sử dụng!
2025-04-23 14:45:27,656 - __main__ - INFO - Đang lấy dữ liệu thời tiết cho Hanoi...
2025-04-23 14:45:27,823 - __main__ - INFO - Đã lấy dữ liệu thời tiết thành công cho Hanoi.
2025-04-23 14:45:27,823 - __main__ - INFO - Đã trích xuất dữ liệu thời tiết: 34°C, 50%, 1002hPa, 4.41m/s, 'clear sky'
2025-04-23 14:45:27,823 - __main__ - INFO - Đã xử lý dữ liệu thời tiết: 34°C, 50%, clear sky
2025-04-23 14:45:27,837 - __main__ - INFO - Đã lưu dữ liệu thành công vào SQLite lúc 2025-04-23T07:45:27.823392+00:00
2025-04-23 14:45:27,838 - __main__ - INFO - Đã lưu thành công dữ liệu thời tiết cho Hanoi vào cơ sở dữ liệu.
2025-04-23 14:45:27,838 - __main__ - INFO - Thời tiết hiện tại ở Hanoi: 34°C, độ ẩm 50%, clear sky
2025-04-23 14:45:27,838 - __main__ - INFO - === Kết thúc chương trình thời tiết Hà Nội ===
2025-04-23 14:48:57,095 - root - INFO - Logging đã được thiết lập.
2025-04-23 14:48:57,095 - __main__ - INFO - === Bắt đầu chương trình thời tiết Hà Nội ===
2025-04-23 14:48:57,095 - __main__ - INFO - Đã tải cấu hình thành công.
2025-04-23 14:48:57,095 - __main__ - INFO - Kiểm tra kết nối API OpenWeatherMap...
2025-04-23 14:48:57,337 - __main__ - INFO - Kết nối API thành công! Mã trạng thái: 200
2025-04-23 14:48:57,337 - __main__ - INFO - API đã sẵn sàng để sử dụng!
2025-04-23 14:48:57,337 - __main__ - INFO - Đang lấy dữ liệu thời tiết cho Hanoi...
2025-04-23 14:48:57,525 - __main__ - INFO - Đã lấy dữ liệu thời tiết thành công cho Hanoi.
2025-04-23 14:48:57,525 - __main__ - INFO - Đã trích xuất dữ liệu thời tiết: 34°C, 50%, 1002hPa, 4.41m/s, 'clear sky'
2025-04-23 14:48:57,525 - __main__ - INFO - Đã xử lý dữ liệu thời tiết: 34°C, 50%, clear sky
2025-04-23 14:48:57,525 - __main__ - INFO - Đã lưu dữ liệu thành công vào SQLite lúc 2025-04-23T07:48:57.525664+00:00
2025-04-23 14:48:57,525 - __main__ - INFO - Đã lưu thành công dữ liệu thời tiết cho Hanoi vào cơ sở dữ liệu.
2025-04-23 14:48:57,525 - __main__ - INFO - Thời tiết hiện tại ở Hanoi: 34°C, độ ẩm 50%, clear sky
2025-04-23 14:48:57,525 - __main__ - INFO - === Kết thúc chương trình thời tiết Hà Nội ===
2025-04-23 14:58:28,858 - root - INFO - Logging đã được thiết lập.
2025-04-23 14:58:28,858 - __main__ - INFO - === Bắt đầu chương trình thời tiết Hà Nội ===
2025-04-23 14:58:28,858 - __main__ - INFO - Đã bật chế độ DEBUG.
2025-04-23 14:58:28,858 - __main__ - INFO - Không tìm thấy file .env. Sẽ sử dụng biến môi trường hiện có.
2025-04-23 14:58:28,858 - __main__ - INFO - Đã tải cấu hình thành công.
2025-04-23 14:58:28,858 - __main__ - INFO - Kiểm tra kết nối API OpenWeatherMap...
2025-04-23 14:58:28,858 - __main__ - DEBUG - Đang gửi yêu cầu đến https://api.openweathermap.org/data/2.5/weather (lần thử 1/2)
2025-04-23 14:58:28,866 - urllib3.connectionpool - DEBUG - Starting new HTTPS connection (1): api.openweathermap.org:443
2025-04-23 14:58:29,068 - urllib3.connectionpool - DEBUG - https://api.openweathermap.org:443 "GET /data/2.5/weather?q=Hanoi&appid=6050b135c7c03e221b92ac2fa9e71393&units=metric HTTP/1.1" 200 502
2025-04-23 14:58:29,068 - __main__ - INFO - Kết nối API thành công! Mã trạng thái: 200
2025-04-23 14:58:29,068 - __main__ - INFO - API đã sẵn sàng để sử dụng!
2025-04-23 14:58:29,068 - __main__ - INFO - Đang lấy dữ liệu thời tiết cho Hanoi...
2025-04-23 14:58:29,068 - __main__ - DEBUG - Đang gửi yêu cầu đến https://api.openweathermap.org/data/2.5/weather (lần thử 1/3)
2025-04-23 14:58:29,068 - urllib3.connectionpool - DEBUG - Starting new HTTPS connection (1): api.openweathermap.org:443
2025-04-23 14:58:29,229 - urllib3.connectionpool - DEBUG - https://api.openweathermap.org:443 "GET /data/2.5/weather?q=Hanoi&appid=6050b135c7c03e221b92ac2fa9e71393&units=metric HTTP/1.1" 200 502
2025-04-23 14:58:29,229 - __main__ - INFO - Đã lấy dữ liệu thời tiết thành công cho Hanoi.
2025-04-23 14:58:29,229 - __main__ - INFO - Đã trích xuất dữ liệu thời tiết: 34°C, 47%, 1001hPa, 4.41m/s, 'clear sky'
2025-04-23 14:58:29,229 - __main__ - INFO - Đã xử lý dữ liệu thời tiết: 34.0°C, 47%, clear sky
2025-04-23 14:58:29,246 - __main__ - INFO - Đã lưu dữ liệu thành công vào SQLite lúc 2025-04-23T07:58:29.229596+00:00
2025-04-23 14:58:29,248 - __main__ - INFO - Đã lưu thành công dữ liệu thời tiết cho Hanoi vào cơ sở dữ liệu.
2025-04-23 14:58:29,248 - __main__ - INFO - Thời tiết hiện tại ở Hanoi: 34.0°C, độ ẩm 47%, clear sky
2025-04-23 14:58:29,248 - __main__ - INFO - === Kết thúc chương trình thời tiết Hà Nội ===
2025-04-23 15:03:46,530 - root - INFO - Logging đã được thiết lập.
2025-04-23 15:03:46,530 - root - INFO - === Bắt đầu chương trình thời tiết Hà Nội CLI ===
2025-04-23 15:03:46,531 - __main__ - INFO - Đã tạo file .env mẫu tại D:\poject\Thoitiet\.env. Vui lòng cập nhật API key.
2025-04-23 15:03:46,531 - __main__ - INFO - Đã thiết lập quyền truy cập cho file .env.
2025-04-23 15:03:46,534 - __main__ - INFO - Kiểm tra kết nối Internet...
2025-04-23 15:03:46,812 - __main__ - INFO - Kết nối Internet: OK
2025-04-23 15:03:46,812 - root - INFO - === Kết thúc chương trình thời tiết Hà Nội CLI ===
2025-04-23 15:03:55,617 - root - INFO - Logging đã được thiết lập.
2025-04-23 15:03:55,617 - root - INFO - === Bắt đầu chương trình thời tiết Hà Nội CLI ===
2025-04-23 15:03:55,623 - weather_module - INFO - Tìm thấy file .env tại D:\poject\Thoitiet\.env. Đang tải biến môi trường...
2025-04-23 15:03:55,623 - weather_module - INFO - Đã tải các biến môi trường từ file .env thành công.
2025-04-23 15:03:55,623 - weather_module - INFO - Đã tải cấu hình thành công.
2025-04-23 15:03:55,623 - weather_module - INFO - Kiểm tra kết nối API OpenWeatherMap...
2025-04-23 15:03:55,809 - weather_module - ERROR - Lỗi xác thực API (401). API key không hợp lệ hoặc chưa được kích hoạt.
2025-04-23 15:03:55,809 - weather_module - ERROR - Lỗi xác thực API (401). API key không hợp lệ hoặc chưa được kích hoạt.
2025-04-23 15:03:55,809 - weather_module - INFO - Lưu ý: API key mới có thể cần từ 10 phút đến 2 giờ để kích hoạt.
2025-04-23 15:03:55,809 - weather_module - WARNING - Kiểm tra API không thành công. Không tiếp tục.
2025-04-23 15:03:55,825 - root - INFO - === Kết thúc chương trình thời tiết Hà Nội CLI ===
2025-04-23 15:07:56,797 - root - INFO - Logging đã được thiết lập.
2025-04-23 15:07:56,797 - root - INFO - === Bắt đầu chương trình thời tiết Hà Nội CLI ===
2025-04-23 15:07:56,815 - __main__ - INFO - Kiểm tra kết nối Internet...
2025-04-23 15:07:57,052 - __main__ - INFO - Kết nối Internet: OK
2025-04-23 15:07:57,052 - root - INFO - === Kết thúc chương trình thời tiết Hà Nội CLI ===
2025-04-23 15:08:32,846 - root - INFO - Logging đã được thiết lập.
2025-04-23 15:08:32,846 - root - INFO - === Bắt đầu chương trình thời tiết Hà Nội CLI ===
2025-04-23 15:08:32,846 - weather_module - INFO - Tìm thấy file .env tại D:\poject\Thoitiet\.env. Đang tải biến môi trường...
2025-04-23 15:08:32,846 - weather_module - INFO - Đã tải các biến môi trường từ file .env thành công.
2025-04-23 15:08:32,846 - weather_module - INFO - Đã tải cấu hình thành công.
2025-04-23 15:08:32,846 - weather_module - INFO - Kiểm tra kết nối API OpenWeatherMap...
2025-04-23 15:08:33,050 - weather_module - INFO - Kết nối API thành công! Mã trạng thái: 200
2025-04-23 15:08:33,052 - weather_module - INFO - Đang lấy dữ liệu thời tiết cho Hanoi...
2025-04-23 15:08:33,222 - weather_module - INFO - Đã lấy dữ liệu thời tiết thành công cho Hanoi.
2025-04-23 15:08:33,223 - weather_module - INFO - Đã trích xuất dữ liệu thời tiết: 34°C, 47%, 1001hPa, 4.41m/s, 'clear sky'
2025-04-23 15:08:33,223 - weather_module - INFO - Đã xử lý dữ liệu thời tiết: 34.0°C, 47%, clear sky
2025-04-23 15:08:33,224 - weather_module - INFO - Đã lưu dữ liệu thành công vào SQLite lúc 2025-04-23T08:08:33.223273+00:00
2025-04-23 15:08:33,225 - weather_module - INFO - Đã lưu thành công dữ liệu thời tiết cho Hanoi vào cơ sở dữ liệu.
2025-04-23 15:08:33,226 - root - INFO - === Kết thúc chương trình thời tiết Hà Nội CLI ===
2025-04-23 15:09:38,727 - root - INFO - Logging đã được thiết lập.
2025-04-23 15:09:38,727 - root - INFO - === Bắt đầu chương trình thời tiết Hà Nội CLI ===
2025-04-23 15:09:38,741 - __main__ - INFO - Kiểm tra kết nối Internet...
2025-04-23 15:09:38,967 - __main__ - INFO - Kết nối Internet: OK
2025-04-23 15:09:38,967 - root - INFO - === Kết thúc chương trình thời tiết Hà Nội CLI ===
2025-04-23 15:11:02,281 - root - INFO - Logging đã được thiết lập.
2025-04-23 15:11:02,281 - root - INFO - === Bắt đầu chương trình thời tiết Hà Nội CLI ===
2025-04-23 15:11:02,286 - __main__ - INFO - Kiểm tra kết nối Internet...
2025-04-23 15:11:03,065 - __main__ - INFO - Kết nối Internet: OK
2025-04-23 15:11:03,065 - root - INFO - === Kết thúc chương trình thời tiết Hà Nội CLI ===
2025-04-23 15:11:22,087 - root - INFO - Logging đã được thiết lập.
2025-04-23 15:11:22,087 - root - INFO - === Bắt đầu chương trình thời tiết Hà Nội CLI ===
2025-04-23 15:11:22,087 - weather_module - INFO - Tìm thấy file .env tại D:\poject\Thoitiet\.env. Đang tải biến môi trường...
2025-04-23 15:11:22,087 - weather_module - ERROR - Lỗi khi tải file .env: 'utf-8' codec can't decode byte 0xff in position 0: invalid start byte
Traceback (most recent call last):
  File "D:\poject\Thoitiet\weather_module.py", line 88, in load_env_file
    for line in f:
  File "<frozen codecs>", line 322, in decode
UnicodeDecodeError: 'utf-8' codec can't decode byte 0xff in position 0: invalid start byte
2025-04-23 15:11:22,087 - weather_module - INFO - Đã tải cấu hình thành công.
2025-04-23 15:11:22,087 - weather_module - INFO - Kiểm tra kết nối API OpenWeatherMap...
2025-04-23 15:11:22,459 - weather_module - INFO - Kết nối API thành công! Mã trạng thái: 200
2025-04-23 15:11:22,459 - weather_module - INFO - Đang lấy dữ liệu thời tiết cho Hanoi...
2025-04-23 15:11:22,981 - weather_module - INFO - Đã lấy dữ liệu thời tiết thành công cho Hanoi.
2025-04-23 15:11:22,981 - weather_module - INFO - Đã trích xuất dữ liệu thời tiết: 34°C, 47%, 1001hPa, 4.41m/s, 'clear sky'
2025-04-23 15:11:22,981 - weather_module - INFO - Đã xử lý dữ liệu thời tiết: 34.0°C, 47%, clear sky
2025-04-23 15:11:22,981 - weather_module - INFO - Đã lưu dữ liệu thành công vào SQLite lúc 2025-04-23T08:11:22.981129+00:00
2025-04-23 15:11:22,981 - weather_module - INFO - Đã lưu thành công dữ liệu thời tiết cho Hanoi vào cơ sở dữ liệu.
2025-04-23 15:11:22,996 - root - INFO - === Kết thúc chương trình thời tiết Hà Nội CLI ===
2025-04-23 15:17:48,274 - root - INFO - Logging đã được thiết lập.
2025-04-23 15:17:48,274 - __main__ - INFO - === Bắt đầu chương trình thời tiết Hà Nội ===
2025-04-23 15:17:48,274 - __main__ - INFO - Tìm thấy file .env tại D:\poject\Thoitiet\.env. Đang tải biến môi trường...
2025-04-23 15:17:48,274 - __main__ - ERROR - Lỗi khi tải file .env: 'utf-8' codec can't decode byte 0xff in position 0: invalid start byte
Traceback (most recent call last):
  File "D:\poject\Thoitiet\hanoi_weather.py", line 72, in load_env_file
    for line in f:
  File "<frozen codecs>", line 322, in decode
UnicodeDecodeError: 'utf-8' codec can't decode byte 0xff in position 0: invalid start byte
2025-04-23 15:17:48,274 - __main__ - CRITICAL - Lỗi: Không tìm thấy biến môi trường OPENWEATHERMAP_API_KEY.
2025-04-23 15:17:48,274 - __main__ - INFO - Hãy đặt OPENWEATHERMAP_API_KEY trong biến môi trường hoặc trong file .env
2025-04-23 15:17:48,274 - __main__ - CRITICAL - Lỗi cấu hình: 'OPENWEATHERMAP_API_KEY không được thiết lập.'
2025-04-23 15:17:48,274 - __main__ - INFO - === Kết thúc chương trình thời tiết Hà Nội ===
2025-04-23 15:32:08,074 - root - INFO - Logging đã được thiết lập.
2025-04-23 15:32:08,074 - __main__ - INFO - === Bắt đầu chương trình thời tiết Hà Nội ===
2025-04-23 15:32:08,074 - __main__ - INFO - Tìm thấy file .env tại D:\poject\Thoitiet\.env. Đang tải biến môi trường...
2025-04-23 15:32:08,074 - __main__ - ERROR - Lỗi khi tải file .env: 'utf-8' codec can't decode byte 0xff in position 0: invalid start byte
Traceback (most recent call last):
  File "D:\poject\Thoitiet\hanoi_weather.py", line 72, in load_env_file
    for line in f:
  File "<frozen codecs>", line 322, in decode
UnicodeDecodeError: 'utf-8' codec can't decode byte 0xff in position 0: invalid start byte
2025-04-23 15:32:08,074 - __main__ - CRITICAL - Lỗi: Không tìm thấy biến môi trường OPENWEATHERMAP_API_KEY.
2025-04-23 15:32:08,074 - __main__ - INFO - Hãy đặt OPENWEATHERMAP_API_KEY trong biến môi trường hoặc trong file .env
2025-04-23 15:32:08,074 - __main__ - CRITICAL - Lỗi cấu hình: 'OPENWEATHERMAP_API_KEY không được thiết lập.'
2025-04-23 15:32:08,074 - __main__ - INFO - === Kết thúc chương trình thời tiết Hà Nội ===
2025-04-23 15:33:18,518 - root - INFO - Logging đã được thiết lập.
2025-04-23 15:33:18,518 - __main__ - INFO - === Bắt đầu chương trình thời tiết Hà Nội ===
2025-04-23 15:33:18,518 - __main__ - INFO - Tìm thấy file .env tại D:\poject\Thoitiet\.env. Đang tải biến môi trường...
2025-04-23 15:33:18,518 - __main__ - INFO - Đã tải các biến môi trường từ file .env thành công.
2025-04-23 15:33:18,518 - __main__ - INFO - Đã tải cấu hình thành công.
2025-04-23 15:33:18,518 - __main__ - INFO - Kiểm tra kết nối API OpenWeatherMap...
2025-04-23 15:33:18,712 - __main__ - ERROR - Lỗi xác thực API (401). API key không hợp lệ hoặc chưa được kích hoạt.
2025-04-23 15:33:18,712 - __main__ - ERROR - Lỗi xác thực API (401). API key không hợp lệ hoặc chưa được kích hoạt.
2025-04-23 15:33:18,712 - __main__ - INFO - Lưu ý: API key mới có thể cần từ 10 phút đến 2 giờ để kích hoạt.
2025-04-23 15:33:18,712 - __main__ - WARNING - Kiểm tra API không thành công. Xem log để biết chi tiết.
2025-04-23 15:33:18,712 - __main__ - INFO - === Kết thúc chương trình thời tiết Hà Nội ===
2025-04-23 15:35:12,665 - root - INFO - Logging đã được thiết lập.
2025-04-23 15:35:12,665 - __main__ - INFO - === Bắt đầu chương trình thời tiết Hà Nội ===
2025-04-23 15:35:12,665 - __main__ - INFO - Tìm thấy file .env tại D:\poject\Thoitiet\.env. Đang tải biến môi trường...
2025-04-23 15:35:12,665 - __main__ - INFO - Đã tải các biến môi trường từ file .env thành công.
2025-04-23 15:35:12,665 - __main__ - INFO - Đã tải cấu hình thành công.
2025-04-23 15:35:12,665 - __main__ - INFO - Kiểm tra kết nối API OpenWeatherMap...
2025-04-23 15:35:12,868 - __main__ - INFO - Kết nối API thành công! Mã trạng thái: 200
2025-04-23 15:35:12,869 - __main__ - INFO - API đã sẵn sàng để sử dụng!
2025-04-23 15:35:12,869 - __main__ - INFO - Đang lấy dữ liệu thời tiết cho Hanoi...
2025-04-23 15:35:13,040 - __main__ - INFO - Đã lấy dữ liệu thời tiết thành công cho Hanoi.
2025-04-23 15:35:13,041 - __main__ - INFO - Đã trích xuất dữ liệu thời tiết: 34°C, 52%, 1001hPa, 7.83m/s, 'few clouds'
2025-04-23 15:35:13,041 - __main__ - INFO - Đã xử lý dữ liệu thời tiết: 34.0°C, 52%, few clouds
2025-04-23 15:35:13,044 - __main__ - ERROR - Lỗi khi lưu vào SQLite: database disk image is malformed
Traceback (most recent call last):
  File "D:\poject\Thoitiet\hanoi_weather.py", line 369, in save_to_sqlite
    cursor.execute(create_table_sql)
sqlite3.DatabaseError: database disk image is malformed
2025-04-23 15:35:13,044 - __main__ - INFO - Có quyền ghi vào thư mục cơ sở dữ liệu.
2025-04-23 15:35:13,044 - __main__ - ERROR - Lỗi cơ sở dữ liệu SQLite: database disk image is malformed
Traceback (most recent call last):
  File "D:\poject\Thoitiet\hanoi_weather.py", line 600, in main
    save_result = save_to_sqlite(processed_data, db_path)
                  ^^^^^^^^^^^^^^^^^^^^^^^^^^^^^^^^^^^^^^^
  File "D:\poject\Thoitiet\hanoi_weather.py", line 369, in save_to_sqlite
    cursor.execute(create_table_sql)
sqlite3.DatabaseError: database disk image is malformed
2025-04-23 15:35:13,054 - __main__ - INFO - === Kết thúc chương trình thời tiết Hà Nội ===
2025-04-23 15:35:50,061 - root - INFO - Logging đã được thiết lập.
2025-04-23 15:35:50,061 - __main__ - INFO - === Bắt đầu chương trình thời tiết Hà Nội ===
2025-04-23 15:35:50,061 - __main__ - INFO - Tìm thấy file .env tại D:\poject\Thoitiet\.env. Đang tải biến môi trường...
2025-04-23 15:35:50,061 - __main__ - INFO - Đã tải các biến môi trường từ file .env thành công.
2025-04-23 15:35:50,061 - __main__ - INFO - Đã tải cấu hình thành công.
2025-04-23 15:35:50,061 - __main__ - INFO - Kiểm tra kết nối API OpenWeatherMap...
2025-04-23 15:35:50,236 - __main__ - INFO - Kết nối API thành công! Mã trạng thái: 200
2025-04-23 15:35:50,236 - __main__ - INFO - API đã sẵn sàng để sử dụng!
2025-04-23 15:35:50,236 - __main__ - INFO - Đang lấy dữ liệu thời tiết cho Hanoi...
2025-04-23 15:35:50,398 - __main__ - INFO - Đã lấy dữ liệu thời tiết thành công cho Hanoi.
2025-04-23 15:35:50,398 - __main__ - INFO - Đã trích xuất dữ liệu thời tiết: 34°C, 52%, 1001hPa, 7.83m/s, 'few clouds'
2025-04-23 15:35:50,398 - __main__ - INFO - Đã xử lý dữ liệu thời tiết: 34.0°C, 52%, few clouds
2025-04-23 15:35:50,398 - __main__ - INFO - Đã lưu dữ liệu thành công vào SQLite lúc 2025-04-23T08:35:50.398104+00:00
2025-04-23 15:35:50,398 - __main__ - INFO - Đã lưu thành công dữ liệu thời tiết cho Hanoi vào cơ sở dữ liệu.
2025-04-23 15:35:50,398 - __main__ - INFO - Thời tiết hiện tại ở Hanoi: 34.0°C, độ ẩm 52%, few clouds
2025-04-23 15:35:50,398 - __main__ - INFO - === Kết thúc chương trình thời tiết Hà Nội ===
2025-04-23 15:37:04,415 - root - INFO - Logging đã được thiết lập.
2025-04-23 15:37:04,418 - __main__ - INFO - === Bắt đầu chương trình thời tiết Hà Nội ===
2025-04-23 15:37:04,418 - __main__ - INFO - Tìm thấy file .env tại D:\poject\Thoitiet\.env. Đang tải biến môi trường...
2025-04-23 15:37:04,418 - __main__ - INFO - Đã tải các biến môi trường từ file .env thành công.
2025-04-23 15:37:04,418 - __main__ - INFO - Đã tải cấu hình thành công.
2025-04-23 15:37:04,418 - __main__ - INFO - Kiểm tra kết nối API OpenWeatherMap...
2025-04-23 15:37:04,608 - __main__ - INFO - Kết nối API thành công! Mã trạng thái: 200
2025-04-23 15:37:04,608 - __main__ - INFO - API đã sẵn sàng để sử dụng!
2025-04-23 15:37:04,608 - __main__ - INFO - Đang lấy dữ liệu thời tiết cho Hanoi...
2025-04-23 15:37:04,816 - __main__ - INFO - Đã lấy dữ liệu thời tiết thành công cho Hanoi.
2025-04-23 15:37:04,816 - __main__ - INFO - Đã trích xuất dữ liệu thời tiết: 34°C, 52%, 1001hPa, 7.83m/s, 'few clouds'
2025-04-23 15:37:04,816 - __main__ - INFO - Đã xử lý dữ liệu thời tiết: 34.0°C, 52%, few clouds
2025-04-23 15:37:04,832 - __main__ - INFO - Đã lưu dữ liệu thành công vào SQLite lúc 2025-04-23T08:37:04.816927+00:00
2025-04-23 15:37:04,832 - __main__ - INFO - Đã lưu thành công dữ liệu thời tiết cho Hanoi vào cơ sở dữ liệu.
2025-04-23 15:37:04,832 - __main__ - INFO - Thời tiết hiện tại ở Hanoi: 34.0°C, độ ẩm 52%, few clouds
2025-04-23 15:37:04,832 - __main__ - INFO - === Kết thúc chương trình thời tiết Hà Nội ===
